<?xml version="1.0" encoding="UTF-8"?>
<testsuite xmlns:xsi="http://www.w3.org/2001/XMLSchema-instance" xsi:noNamespaceSchemaLocation="https://maven.apache.org/surefire/maven-surefire-plugin/xsd/surefire-test-report.xsd" name="com.itheima.mp.mapper.UserMapperTest" time="5.627" tests="11" errors="1" skipped="0" failures="0">
  <properties>
[...]
</properties>
  <testcase name="testUpdateById" classname="com.itheima.mp.mapper.UserMapperTest" time="1.151"/>
  <testcase name="testQueryByIds" classname="com.itheima.mp.mapper.UserMapperTest" time="0.097"/>
  <testcase name="testLambdaQueryWrapper" classname="com.itheima.mp.mapper.UserMapperTest" time="0.047"/>
  <testcase name="testQueryWrapper" classname="com.itheima.mp.mapper.UserMapperTest" time="0.008"/>
  <testcase name="testCustomWrapper" classname="com.itheima.mp.mapper.UserMapperTest" time="0.02"/>
  <testcase name="testUpdateByQueryWrapper" classname="com.itheima.mp.mapper.UserMapperTest" time="0.015"/>
  <testcase name="testDeleteUser" classname="com.itheima.mp.mapper.UserMapperTest" time="0.024"/>
  <testcase name="testCustomJoinWrapper" classname="com.itheima.mp.mapper.UserMapperTest" time="0.018"/>
  <testcase name="testInsert" classname="com.itheima.mp.mapper.UserMapperTest" time="0.08">
    <error message="&#10;### Error updating database.  Cause: java.sql.SQLException: Field &apos;info&apos; doesn&apos;t have a default value&#10;### The error may exist in com/itheima/mp/mapper/UserMapper.java (best guess)&#10;### The error may involve com.itheima.mp.mapper.UserMapper.insert-Inline&#10;### The error occurred while setting parameters&#10;### SQL: INSERT INTO user  ( id, username, password, phone,   balance, create_time, update_time )  VALUES  ( ?, ?, ?, ?,   ?, ?, ? )&#10;### Cause: java.sql.SQLException: Field &apos;info&apos; doesn&apos;t have a default value&#10;; Field &apos;info&apos; doesn&apos;t have a default value; nested exception is java.sql.SQLException: Field &apos;info&apos; doesn&apos;t have a default value" type="org.springframework.dao.DataIntegrityViolationException">org.springframework.dao.DataIntegrityViolationException: 

### Error updating database.  Cause: java.sql.SQLException: Field 'info' doesn't have a default value
### The error may exist in com/itheima/mp/mapper/UserMapper.java (best guess)
### The error may involve com.itheima.mp.mapper.UserMapper.insert-Inline
### The error occurred while setting parameters
### SQL: INSERT INTO user  ( id, username, password, phone,   balance, create_time, update_time )  VALUES  ( ?, ?, ?, ?,   ?, ?, ? )
### Cause: java.sql.SQLException: Field 'info' doesn't have a default value
; Field 'info' doesn't have a default value; nested exception is java.sql.SQLException: Field 'info' doesn't have a default value
	at com.itheima.mp.mapper.UserMapperTest.testInsert(UserMapperTest.java:31)
Caused by: java.sql.SQLException: Field 'info' doesn't have a default value
	at com.itheima.mp.mapper.UserMapperTest.testInsert(UserMapperTest.java:31)
</error>
    <system-out><![CDATA[11:05:10 DEBUG 23464 --- [           main] com.itheima.mp.mapper.UserMapper.insert  : ==>  Preparing: INSERT INTO user ( id, username, password, phone, balance, create_time, update_time ) VALUES ( ?, ?, ?, ?, ?, ?, ? )
11:05:10 DEBUG 23464 --- [           main] com.itheima.mp.mapper.UserMapper.insert  : ==> Parameters: 6(Long), Lucy2(String), 123(String), 18688990011(String), 200(Integer), 2025-09-25T11:05:10.830870900(LocalDateTime), 2025-09-25T11:05:10.830870900(LocalDateTime)
]]></system-out>
  </testcase>
  <testcase name="testSelectById" classname="com.itheima.mp.mapper.UserMapperTest" time="0.009"/>
  <testcase name="testUpdateWrapper" classname="com.itheima.mp.mapper.UserMapperTest" time="0.022"/>
</testsuite>